<?xml version="1.0" encoding="UTF-8"?>
<testng-results skipped="0" failed="0" total="1" passed="1">
  <reporter-output>
  </reporter-output>
  <suite name="doPush" duration-ms="63833" started-at="2013-10-09T17:56:20Z" finished-at="2013-10-09T17:57:24Z">
    <groups>
    </groups>
    <test name="main test One" duration-ms="63833" started-at="2013-10-09T17:56:20Z" finished-at="2013-10-09T17:57:24Z">
      <class name="com.apigee.test.pushUI.TestPushNotificationUI">
        <test-method status="PASS" signature="setScreenShotDir(java.lang.String)[pri:0, instance:null(com.apigee.test.pushUI.TestPushNotificationUI)]" name="setScreenShotDir" is-config="true" duration-ms="8" started-at="2013-10-09T10:56:20Z" finished-at="2013-10-09T10:56:20Z">
          <params>
            <param index="0">
              <value>
                <![CDATA[/Users/ApigeeCorporation/Automation/EclipseWorkspace/PushNotificationTest/screenshot/push]]>
              </value>
            </param>
          </params>
          <reporter-output>
          </reporter-output>
        </test-method> <!-- setScreenShotDir -->
        <test-method status="PASS" signature="init(java.lang.String, int, java.lang.String, java.lang.String)[pri:0, instance:null(com.apigee.test.pushUI.TestPushNotificationUI)]" name="init" is-config="true" duration-ms="3417" started-at="2013-10-09T10:56:20Z" finished-at="2013-10-09T10:56:23Z">
          <params>
            <param index="0">
              <value>
                <![CDATA[localhost]]>
              </value>
            </param>
            <param index="1">
              <value>
                <![CDATA[4444]]>
              </value>
            </param>
            <param index="2">
              <value>
                <![CDATA[*firefox]]>
              </value>
            </param>
            <param index="3">
              <value>
                <![CDATA[http://accounts.apigee.com]]>
              </value>
            </param>
          </params>
          <reporter-output>
          </reporter-output>
        </test-method> <!-- init -->
        <test-method status="PASS" signature="testPushNotificationUI(java.lang.String, java.lang.String, java.lang.String)[pri:0, instance:null(com.apigee.test.pushUI.TestPushNotificationUI)]" name="testPushNotificationUI" duration-ms="60338" started-at="2013-10-09T10:56:23Z" finished-at="2013-10-09T10:57:24Z">
          <params>
            <param index="0">
              <value>
                <![CDATA[http://accounts.apigee.com]]>
              </value>
            </param>
            <param index="1">
              <value>
                <![CDATA[/Users/ApigeeCorporation/Automation/EclipseWorkspace/PushNotificationTest/screenshot/push]]>
              </value>
            </param>
            <param index="2">
              <value>
                <![CDATA[/Users/ApigeeCorporation/Automation/EclipseWorkspace/PushNotificationTest/testdata]]>
              </value>
            </param>
          </params>
          <reporter-output>
          </reporter-output>
        </test-method> <!-- testPushNotificationUI -->
        <test-method status="PASS" signature="stop()[pri:0, instance:null(com.apigee.test.pushUI.TestPushNotificationUI)]" name="stop" is-config="true" duration-ms="65" started-at="2013-10-09T10:57:24Z" finished-at="2013-10-09T10:57:24Z">
          <reporter-output>
          </reporter-output>
        </test-method> <!-- stop -->
      </class> <!-- com.apigee.test.pushUI.TestPushNotificationUI -->
    </test> <!-- main test One -->
  </suite> <!-- doPush -->
</testng-results>
