<?xml version="1.0" encoding="UTF-8"?>
<testng-results skipped="0" failed="0" total="1" passed="1">
  <reporter-output>
  </reporter-output>
  <suite name="doMobileAnalytics" duration-ms="60190" started-at="2013-10-21T22:56:14Z" finished-at="2013-10-21T22:57:14Z">
    <groups>
    </groups>
    <test name="main test One" duration-ms="60190" started-at="2013-10-21T22:56:14Z" finished-at="2013-10-21T22:57:14Z">
      <class name="com.apigee.test.appMobileAnalytics.TestAppMobileAnalytics">
        <test-method status="PASS" signature="setScreenShotDir(java.lang.String)[pri:0, instance:null(com.apigee.test.appMobileAnalytics.TestAppMobileAnalytics)]" name="setScreenShotDir" is-config="true" duration-ms="6" started-at="2013-10-21T15:56:14Z" finished-at="2013-10-21T15:56:14Z">
          <params>
            <param index="0">
              <value>
                <![CDATA[/Users/ApigeeCorporation/Automation/EclipseWorkspace/MobileAnalyticsTest/screenshot/mobileAnalytics]]>
              </value>
            </param>
          </params>
          <reporter-output>
          </reporter-output>
        </test-method> <!-- setScreenShotDir -->
        <test-method status="PASS" signature="init(java.lang.String, int, java.lang.String, java.lang.String)[pri:0, instance:null(com.apigee.test.appMobileAnalytics.TestAppMobileAnalytics)]" name="init" is-config="true" duration-ms="3995" started-at="2013-10-21T15:56:14Z" finished-at="2013-10-21T15:56:18Z">
          <params>
            <param index="0">
              <value>
                <![CDATA[localhost]]>
              </value>
            </param>
            <param index="1">
              <value>
                <![CDATA[4444]]>
              </value>
            </param>
            <param index="2">
              <value>
                <![CDATA[*firefox]]>
              </value>
            </param>
            <param index="3">
              <value>
                <![CDATA[http://accounts.apigee.com]]>
              </value>
            </param>
          </params>
          <reporter-output>
          </reporter-output>
        </test-method> <!-- init -->
        <test-method status="PASS" signature="testAppMobileAnalytics(java.lang.String, java.lang.String, java.lang.String)[pri:0, instance:null(com.apigee.test.appMobileAnalytics.TestAppMobileAnalytics)]" name="testAppMobileAnalytics" duration-ms="56126" started-at="2013-10-21T15:56:18Z" finished-at="2013-10-21T15:57:14Z">
          <params>
            <param index="0">
              <value>
                <![CDATA[http://accounts.apigee.com]]>
              </value>
            </param>
            <param index="1">
              <value>
                <![CDATA[/Users/ApigeeCorporation/Automation/EclipseWorkspace/MobileAnalyticsTest/screenshot/mobileAnalytics]]>
              </value>
            </param>
            <param index="2">
              <value>
                <![CDATA[/Users/ApigeeCorporation/Automation/EclipseWorkspace/MobileAnalyticsTest/testdata/]]>
              </value>
            </param>
          </params>
          <reporter-output>
          </reporter-output>
        </test-method> <!-- testAppMobileAnalytics -->
        <test-method status="PASS" signature="stop()[pri:0, instance:null(com.apigee.test.appMobileAnalytics.TestAppMobileAnalytics)]" name="stop" is-config="true" duration-ms="63" started-at="2013-10-21T15:57:14Z" finished-at="2013-10-21T15:57:14Z">
          <reporter-output>
          </reporter-output>
        </test-method> <!-- stop -->
      </class> <!-- com.apigee.test.appMobileAnalytics.TestAppMobileAnalytics -->
    </test> <!-- main test One -->
  </suite> <!-- doMobileAnalytics -->
</testng-results>
