<?xml version="1.0" encoding="UTF-8"?>
<testng-results skipped="0" failed="1" total="1" passed="0">
  <reporter-output>
  </reporter-output>
  <suite name="doLoginLogout" duration-ms="12987" started-at="2013-09-29T13:44:03Z" finished-at="2013-09-29T13:44:16Z">
    <groups>
    </groups>
    <test name="main test One" duration-ms="12987" started-at="2013-09-29T13:44:03Z" finished-at="2013-09-29T13:44:16Z">
      <class name="com.apigee.test.loginlogout.TestLoginLogout">
        <test-method status="PASS" signature="setScreenShotDir(java.lang.String)[pri:0, instance:null(com.apigee.test.loginlogout.TestLoginLogout)]" name="setScreenShotDir" is-config="true" duration-ms="9" started-at="2013-09-29T06:44:03Z" finished-at="2013-09-29T06:44:03Z">
          <params>
            <param index="0">
              <value>
                <![CDATA[/Users/ApigeeCorporation/Automation/EclipseWorkspace/UpdatedMobileAnalyticsTest/screenshot/]]>
              </value>
            </param>
          </params>
          <reporter-output>
          </reporter-output>
        </test-method> <!-- setScreenShotDir -->
        <test-method status="PASS" signature="init(java.lang.String, int, java.lang.String, java.lang.String)[pri:0, instance:null(com.apigee.test.loginlogout.TestLoginLogout)]" name="init" is-config="true" duration-ms="3692" started-at="2013-09-29T06:44:03Z" finished-at="2013-09-29T06:44:07Z">
          <params>
            <param index="0">
              <value>
                <![CDATA[localhost]]>
              </value>
            </param>
            <param index="1">
              <value>
                <![CDATA[4444]]>
              </value>
            </param>
            <param index="2">
              <value>
                <![CDATA[*firefox]]>
              </value>
            </param>
            <param index="3">
              <value>
                <![CDATA[http://apigee.com/]]>
              </value>
            </param>
          </params>
          <reporter-output>
          </reporter-output>
        </test-method> <!-- init -->
        <test-method status="FAIL" signature="testSendInvite(java.lang.String, java.lang.String, java.lang.String)[pri:0, instance:null(com.apigee.test.loginlogout.TestLoginLogout)]" name="testSendInvite" duration-ms="9219" started-at="2013-09-29T06:44:07Z" finished-at="2013-09-29T06:44:16Z">
          <params>
            <param index="0">
              <value>
                <![CDATA[http://apigee.com/]]>
              </value>
            </param>
            <param index="1">
              <value>
                <![CDATA[/Users/ApigeeCorporation/Automation/EclipseWorkspace/UpdatedMobileAnalyticsTest/screenshot/]]>
              </value>
            </param>
            <param index="2">
              <value>
                <![CDATA[/Users/ApigeeCorporation/Automation/EclipseWorkspace/UpdatedMobileAnalyticsTest/testdata/]]>
              </value>
            </param>
          </params>
          <exception class="com.thoughtworks.selenium.SeleniumException">
            <message>
              <![CDATA[ERROR: Element id=logout-link not found]]>
            </message>
            <full-stacktrace>
              <![CDATA[com.thoughtworks.selenium.SeleniumException: ERROR: Element id=logout-link not found
	at com.thoughtworks.selenium.HttpCommandProcessor.throwAssertionFailureExceptionOrError(HttpCommandProcessor.java:112)
	at com.thoughtworks.selenium.HttpCommandProcessor.doCommand(HttpCommandProcessor.java:106)
	at com.thoughtworks.selenium.DefaultSelenium.click(DefaultSelenium.java:193)
	at com.apigee.test.loginlogout.TestLoginLogout.testSendInvite(Unknown Source)
	at sun.reflect.NativeMethodAccessorImpl.invoke0(Native Method)
	at sun.reflect.NativeMethodAccessorImpl.invoke(NativeMethodAccessorImpl.java:39)
	at sun.reflect.DelegatingMethodAccessorImpl.invoke(DelegatingMethodAccessorImpl.java:25)
	at java.lang.reflect.Method.invoke(Method.java:597)
	at org.testng.internal.MethodInvocationHelper.invokeMethod(MethodInvocationHelper.java:84)
	at org.testng.internal.Invoker.invokeMethod(Invoker.java:714)
	at org.testng.internal.Invoker.invokeTestMethod(Invoker.java:901)
	at org.testng.internal.Invoker.invokeTestMethods(Invoker.java:1231)
	at org.testng.internal.TestMethodWorker.invokeTestMethods(TestMethodWorker.java:127)
	at org.testng.internal.TestMethodWorker.run(TestMethodWorker.java:111)
	at org.testng.TestRunner.privateRun(TestRunner.java:767)
	at org.testng.TestRunner.run(TestRunner.java:617)
	at org.testng.SuiteRunner.runTest(SuiteRunner.java:334)
	at org.testng.SuiteRunner.runSequentially(SuiteRunner.java:329)
	at org.testng.SuiteRunner.privateRun(SuiteRunner.java:291)
	at org.testng.SuiteRunner.run(SuiteRunner.java:240)
	at org.testng.SuiteRunnerWorker.runSuite(SuiteRunnerWorker.java:52)
	at org.testng.SuiteRunnerWorker.run(SuiteRunnerWorker.java:86)
	at org.testng.TestNG.runSuitesSequentially(TestNG.java:1224)
	at org.testng.TestNG.runSuitesLocally(TestNG.java:1149)
	at org.testng.TestNG.run(TestNG.java:1057)
	at org.testng.TestNG.privateMain(TestNG.java:1364)
	at org.testng.TestNG.main(TestNG.java:1333)
]]>
            </full-stacktrace>
          </exception> <!-- com.thoughtworks.selenium.SeleniumException -->
          <reporter-output>
          </reporter-output>
        </test-method> <!-- testSendInvite -->
        <test-method status="PASS" signature="stop()[pri:0, instance:null(com.apigee.test.loginlogout.TestLoginLogout)]" name="stop" is-config="true" duration-ms="67" started-at="2013-09-29T06:44:16Z" finished-at="2013-09-29T06:44:16Z">
          <reporter-output>
          </reporter-output>
        </test-method> <!-- stop -->
      </class> <!-- com.apigee.test.loginlogout.TestLoginLogout -->
    </test> <!-- main test One -->
  </suite> <!-- doLoginLogout -->
</testng-results>
