<?xml version="1.0" encoding="UTF-8"?>
<!-- Generated by org.testng.reporters.JUnitXMLReporter -->
<testsuite hostname="TomMacBookAir.local" name="main test One" tests="2" failures="0" timestamp="1 Oct 2013 21:17:58 GMT" time="41.589" errors="0">
  <testcase name="testLoginLogout on null(com.apigee.test.loginlogout.TestLoginLogout)" time="7.251" classname="com.apigee.test.loginlogout.TestLoginLogout"/>
  <testcase name="testAppLogsAnalytics on null(com.apigee.test.appLogsAnalytics.TestAppLogsAnalytics)" time="27.019" classname="com.apigee.test.appLogsAnalytics.TestAppLogsAnalytics"/>
</testsuite> <!-- main test One -->
